     1 00000000                                 [FORMAT "WCOFF"]
     2 00000000                                 [INSTRSET "i486p"]
     3 00000000                                 [OPTIMIZE 1]
     4 00000000                                 [OPTION 1]
     5 00000000                                 [BITS 32]
     6 00000000                                 	EXTERN	_sprintf
     7 00000000                                 	EXTERN	_io_hlt
     8 00000000                                 	EXTERN	_hankaku
     9 00000000                                 	EXTERN	_io_load_eflags
    10 00000000                                 	EXTERN	_io_cli
    11 00000000                                 	EXTERN	_io_out8
    12 00000000                                 	EXTERN	_io_store_eflags
    13 00000000                                 [FILE "bootpack.c"]
    14                                          [SECTION .data]
    15 00000000                                 LC0:
    16 00000000 73 63 72 6E 78 20 3D 20 25 64   	DB	"scrnx = %d",0x00
       0000000A 00 
    17                                          [SECTION .text]
    18 00000000                                 	GLOBAL	_HariMain
    19 00000000                                 _HariMain:
    20 00000000 55                              	PUSH	EBP
    21 00000001 89 E5                           	MOV	EBP,ESP
    22 00000003 53                              	PUSH	EBX
    23 00000004 E8 000000A1                     	CALL	_init_palette
    24 00000009 0F BF 05 00000FF6               	MOVSX	EAX,WORD [4086]
    25 00000010 50                              	PUSH	EAX
    26 00000011 0F BF 05 00000FF4               	MOVSX	EAX,WORD [4084]
    27 00000018 50                              	PUSH	EAX
    28 00000019 FF 35 00000FF8                  	PUSH	DWORD [4088]
    29 0000001F E8 00000172                     	CALL	_init_screen
    30 00000024 0F BF 05 00000FF4               	MOVSX	EAX,WORD [4084]
    31 0000002B 50                              	PUSH	EAX
    32 0000002C 68 [00000000]                   	PUSH	LC0
    33 00000031 53                              	PUSH	EBX
    34 00000032 E8 [00000000]                   	CALL	_sprintf
    35 00000037 53                              	PUSH	EBX
    36 00000038 6A 07                           	PUSH	7
    37 0000003A 6A 40                           	PUSH	64
    38 0000003C 6A 10                           	PUSH	16
    39 0000003E 0F BF 05 00000FF4               	MOVSX	EAX,WORD [4084]
    40 00000045 50                              	PUSH	EAX
    41 00000046 FF 35 00000FF8                  	PUSH	DWORD [4088]
    42 0000004C E8 0000000A                     	CALL	_putfonts8_asc
    43 00000051 83 C4 30                        	ADD	ESP,48
    44 00000054                                 L2:
    45 00000054 E8 [00000000]                   	CALL	_io_hlt
    46 00000059 EB F9                           	JMP	L2
    47 0000005B                                 	GLOBAL	_putfonts8_asc
    48 0000005B                                 _putfonts8_asc:
    49 0000005B 55                              	PUSH	EBP
    50 0000005C 89 E5                           	MOV	EBP,ESP
    51 0000005E 57                              	PUSH	EDI
    52 0000005F 56                              	PUSH	ESI
    53 00000060 53                              	PUSH	EBX
    54 00000061 50                              	PUSH	EAX
    55 00000062 8B 5D 1C                        	MOV	EBX,DWORD [28+EBP]
    56 00000065 8A 45 18                        	MOV	AL,BYTE [24+EBP]
    57 00000068 88 45 F3                        	MOV	BYTE [-13+EBP],AL
    58 0000006B 8B 75 10                        	MOV	ESI,DWORD [16+EBP]
    59 0000006E 8B 7D 14                        	MOV	EDI,DWORD [20+EBP]
    60 00000071 80 3B 00                        	CMP	BYTE [EBX],0
    61 00000074 75 08                           	JNE	L10
    62 00000076                                 L12:
    63 00000076 8D 65 F4                        	LEA	ESP,DWORD [-12+EBP]
    64 00000079 5B                              	POP	EBX
    65 0000007A 5E                              	POP	ESI
    66 0000007B 5F                              	POP	EDI
    67 0000007C 5D                              	POP	EBP
    68 0000007D C3                              	RET
    69 0000007E                                 L10:
    70 0000007E 0F B6 03                        	MOVZX	EAX,BYTE [EBX]
    71 00000081 C1 E0 04                        	SAL	EAX,4
    72 00000084 43                              	INC	EBX
    73 00000085 05 [00000000]                   	ADD	EAX,_hankaku
    74 0000008A 50                              	PUSH	EAX
    75 0000008B 0F BE 45 F3                     	MOVSX	EAX,BYTE [-13+EBP]
    76 0000008F 50                              	PUSH	EAX
    77 00000090 57                              	PUSH	EDI
    78 00000091 56                              	PUSH	ESI
    79 00000092 83 C6 08                        	ADD	ESI,8
    80 00000095 FF 75 0C                        	PUSH	DWORD [12+EBP]
    81 00000098 FF 75 08                        	PUSH	DWORD [8+EBP]
    82 0000009B E8 00000281                     	CALL	_putfont8
    83 000000A0 83 C4 18                        	ADD	ESP,24
    84 000000A3 80 3B 00                        	CMP	BYTE [EBX],0
    85 000000A6 75 D6                           	JNE	L10
    86 000000A8 EB CC                           	JMP	L12
    87                                          [SECTION .data]
    88 0000000B                                 _table_rgb.0:
    89 0000000B 00                              	DB	0
    90 0000000C 00                              	DB	0
    91 0000000D 00                              	DB	0
    92 0000000E FF                              	DB	-1
    93 0000000F 00                              	DB	0
    94 00000010 00                              	DB	0
    95 00000011 00                              	DB	0
    96 00000012 FF                              	DB	-1
    97 00000013 00                              	DB	0
    98 00000014 FF                              	DB	-1
    99 00000015 FF                              	DB	-1
   100 00000016 00                              	DB	0
   101 00000017 00                              	DB	0
   102 00000018 00                              	DB	0
   103 00000019 FF                              	DB	-1
   104 0000001A FF                              	DB	-1
   105 0000001B 00                              	DB	0
   106 0000001C FF                              	DB	-1
   107 0000001D 00                              	DB	0
   108 0000001E FF                              	DB	-1
   109 0000001F FF                              	DB	-1
   110 00000020 FF                              	DB	-1
   111 00000021 FF                              	DB	-1
   112 00000022 FF                              	DB	-1
   113 00000023 C6                              	DB	-58
   114 00000024 C6                              	DB	-58
   115 00000025 C6                              	DB	-58
   116 00000026 84                              	DB	-124
   117 00000027 00                              	DB	0
   118 00000028 00                              	DB	0
   119 00000029 00                              	DB	0
   120 0000002A 84                              	DB	-124
   121 0000002B 00                              	DB	0
   122 0000002C 84                              	DB	-124
   123 0000002D 84                              	DB	-124
   124 0000002E 00                              	DB	0
   125 0000002F 00                              	DB	0
   126 00000030 00                              	DB	0
   127 00000031 84                              	DB	-124
   128 00000032 84                              	DB	-124
   129 00000033 00                              	DB	0
   130 00000034 84                              	DB	-124
   131 00000035 00                              	DB	0
   132 00000036 84                              	DB	-124
   133 00000037 84                              	DB	-124
   134 00000038 84                              	DB	-124
   135 00000039 84                              	DB	-124
   136 0000003A 84                              	DB	-124
   137                                          [SECTION .text]
   138 000000AA                                 	GLOBAL	_init_palette
   139 000000AA                                 _init_palette:
   140 000000AA 55                              	PUSH	EBP
   141 000000AB 89 E5                           	MOV	EBP,ESP
   142 000000AD 68 [0000000B]                   	PUSH	_table_rgb.0
   143 000000B2 6A 0F                           	PUSH	15
   144 000000B4 6A 00                           	PUSH	0
   145 000000B6 E8 00000002                     	CALL	_set_palette
   146 000000BB C9                              	LEAVE
   147 000000BC C3                              	RET
   148 000000BD                                 	GLOBAL	_set_palette
   149 000000BD                                 _set_palette:
   150 000000BD 55                              	PUSH	EBP
   151 000000BE 89 E5                           	MOV	EBP,ESP
   152 000000C0 57                              	PUSH	EDI
   153 000000C1 56                              	PUSH	ESI
   154 000000C2 53                              	PUSH	EBX
   155 000000C3 53                              	PUSH	EBX
   156 000000C4 8B 5D 08                        	MOV	EBX,DWORD [8+EBP]
   157 000000C7 8B 7D 0C                        	MOV	EDI,DWORD [12+EBP]
   158 000000CA 8B 75 10                        	MOV	ESI,DWORD [16+EBP]
   159 000000CD E8 [00000000]                   	CALL	_io_load_eflags
   160 000000D2 89 45 F0                        	MOV	DWORD [-16+EBP],EAX
   161 000000D5 E8 [00000000]                   	CALL	_io_cli
   162 000000DA 53                              	PUSH	EBX
   163 000000DB 68 000003C8                     	PUSH	968
   164 000000E0 E8 [00000000]                   	CALL	_io_out8
   165 000000E5 39 FB                           	CMP	EBX,EDI
   166 000000E7 5A                              	POP	EDX
   167 000000E8 59                              	POP	ECX
   168 000000E9 7E 12                           	JLE	L19
   169 000000EB                                 L21:
   170 000000EB 8B 45 F0                        	MOV	EAX,DWORD [-16+EBP]
   171 000000EE 89 45 08                        	MOV	DWORD [8+EBP],EAX
   172 000000F1 8D 65 F4                        	LEA	ESP,DWORD [-12+EBP]
   173 000000F4 5B                              	POP	EBX
   174 000000F5 5E                              	POP	ESI
   175 000000F6 5F                              	POP	EDI
   176 000000F7 5D                              	POP	EBP
   177 000000F8 E9 [00000000]                   	JMP	_io_store_eflags
   178 000000FD                                 L19:
   179 000000FD 8A 06                           	MOV	AL,BYTE [ESI]
   180 000000FF 43                              	INC	EBX
   181 00000100 C0 E8 02                        	SHR	AL,2
   182 00000103 0F B6 C0                        	MOVZX	EAX,AL
   183 00000106 50                              	PUSH	EAX
   184 00000107 68 000003C9                     	PUSH	969
   185 0000010C E8 [00000000]                   	CALL	_io_out8
   186 00000111 8A 46 01                        	MOV	AL,BYTE [1+ESI]
   187 00000114 C0 E8 02                        	SHR	AL,2
   188 00000117 0F B6 C0                        	MOVZX	EAX,AL
   189 0000011A 50                              	PUSH	EAX
   190 0000011B 68 000003C9                     	PUSH	969
   191 00000120 E8 [00000000]                   	CALL	_io_out8
   192 00000125 8A 46 02                        	MOV	AL,BYTE [2+ESI]
   193 00000128 C0 E8 02                        	SHR	AL,2
   194 0000012B 83 C6 03                        	ADD	ESI,3
   195 0000012E 0F B6 C0                        	MOVZX	EAX,AL
   196 00000131 50                              	PUSH	EAX
   197 00000132 68 000003C9                     	PUSH	969
   198 00000137 E8 [00000000]                   	CALL	_io_out8
   199 0000013C 83 C4 18                        	ADD	ESP,24
   200 0000013F 39 FB                           	CMP	EBX,EDI
   201 00000141 7E BA                           	JLE	L19
   202 00000143 EB A6                           	JMP	L21
   203 00000145                                 	GLOBAL	_boxfill8
   204 00000145                                 _boxfill8:
   205 00000145 55                              	PUSH	EBP
   206 00000146 89 E5                           	MOV	EBP,ESP
   207 00000148 57                              	PUSH	EDI
   208 00000149 56                              	PUSH	ESI
   209 0000014A 53                              	PUSH	EBX
   210 0000014B 50                              	PUSH	EAX
   211 0000014C 50                              	PUSH	EAX
   212 0000014D 8A 45 10                        	MOV	AL,BYTE [16+EBP]
   213 00000150 8B 4D 18                        	MOV	ECX,DWORD [24+EBP]
   214 00000153 8B 7D 1C                        	MOV	EDI,DWORD [28+EBP]
   215 00000156 88 45 F3                        	MOV	BYTE [-13+EBP],AL
   216 00000159 3B 4D 20                        	CMP	ECX,DWORD [32+EBP]
   217 0000015C 7F 31                           	JG	L34
   218 0000015E 8B 5D 0C                        	MOV	EBX,DWORD [12+EBP]
   219 00000161 0F AF D9                        	IMUL	EBX,ECX
   220 00000164                                 L32:
   221 00000164 8B 55 14                        	MOV	EDX,DWORD [20+EBP]
   222 00000167 39 FA                           	CMP	EDX,EDI
   223 00000169 7F 1B                           	JG	L36
   224 0000016B 8B 75 08                        	MOV	ESI,DWORD [8+EBP]
   225 0000016E 01 DE                           	ADD	ESI,EBX
   226 00000170 01 D6                           	ADD	ESI,EDX
   227 00000172 89 75 EC                        	MOV	DWORD [-20+EBP],ESI
   228 00000175                                 L31:
   229 00000175 8B 75 EC                        	MOV	ESI,DWORD [-20+EBP]
   230 00000178 8A 45 F3                        	MOV	AL,BYTE [-13+EBP]
   231 0000017B 42                              	INC	EDX
   232 0000017C 88 06                           	MOV	BYTE [ESI],AL
   233 0000017E 46                              	INC	ESI
   234 0000017F 89 75 EC                        	MOV	DWORD [-20+EBP],ESI
   235 00000182 39 FA                           	CMP	EDX,EDI
   236 00000184 7E EF                           	JLE	L31
   237 00000186                                 L36:
   238 00000186 41                              	INC	ECX
   239 00000187 03 5D 0C                        	ADD	EBX,DWORD [12+EBP]
   240 0000018A 3B 4D 20                        	CMP	ECX,DWORD [32+EBP]
   241 0000018D 7E D5                           	JLE	L32
   242 0000018F                                 L34:
   243 0000018F 5E                              	POP	ESI
   244 00000190 5F                              	POP	EDI
   245 00000191 5B                              	POP	EBX
   246 00000192 5E                              	POP	ESI
   247 00000193 5F                              	POP	EDI
   248 00000194 5D                              	POP	EBP
   249 00000195 C3                              	RET
   250 00000196                                 	GLOBAL	_init_screen
   251 00000196                                 _init_screen:
   252 00000196 55                              	PUSH	EBP
   253 00000197 89 E5                           	MOV	EBP,ESP
   254 00000199 57                              	PUSH	EDI
   255 0000019A 56                              	PUSH	ESI
   256 0000019B 53                              	PUSH	EBX
   257 0000019C 83 EC 0C                        	SUB	ESP,12
   258 0000019F 8B 45 10                        	MOV	EAX,DWORD [16+EBP]
   259 000001A2 8B 7D 0C                        	MOV	EDI,DWORD [12+EBP]
   260 000001A5 83 E8 1D                        	SUB	EAX,29
   261 000001A8 4F                              	DEC	EDI
   262 000001A9 50                              	PUSH	EAX
   263 000001AA 57                              	PUSH	EDI
   264 000001AB 6A 00                           	PUSH	0
   265 000001AD 6A 00                           	PUSH	0
   266 000001AF 6A 0E                           	PUSH	14
   267 000001B1 FF 75 0C                        	PUSH	DWORD [12+EBP]
   268 000001B4 FF 75 08                        	PUSH	DWORD [8+EBP]
   269 000001B7 E8 FFFFFF89                     	CALL	_boxfill8
   270 000001BC 8B 45 10                        	MOV	EAX,DWORD [16+EBP]
   271 000001BF 83 E8 1C                        	SUB	EAX,28
   272 000001C2 50                              	PUSH	EAX
   273 000001C3 57                              	PUSH	EDI
   274 000001C4 50                              	PUSH	EAX
   275 000001C5 6A 00                           	PUSH	0
   276 000001C7 6A 08                           	PUSH	8
   277 000001C9 FF 75 0C                        	PUSH	DWORD [12+EBP]
   278 000001CC FF 75 08                        	PUSH	DWORD [8+EBP]
   279 000001CF E8 FFFFFF71                     	CALL	_boxfill8
   280 000001D4 8B 45 10                        	MOV	EAX,DWORD [16+EBP]
   281 000001D7 83 C4 38                        	ADD	ESP,56
   282 000001DA 83 E8 1B                        	SUB	EAX,27
   283 000001DD 50                              	PUSH	EAX
   284 000001DE 57                              	PUSH	EDI
   285 000001DF 50                              	PUSH	EAX
   286 000001E0 6A 00                           	PUSH	0
   287 000001E2 6A 07                           	PUSH	7
   288 000001E4 FF 75 0C                        	PUSH	DWORD [12+EBP]
   289 000001E7 FF 75 08                        	PUSH	DWORD [8+EBP]
   290 000001EA E8 FFFFFF56                     	CALL	_boxfill8
   291 000001EF 8B 45 10                        	MOV	EAX,DWORD [16+EBP]
   292 000001F2 48                              	DEC	EAX
   293 000001F3 50                              	PUSH	EAX
   294 000001F4 8B 45 10                        	MOV	EAX,DWORD [16+EBP]
   295 000001F7 57                              	PUSH	EDI
   296 000001F8 83 E8 1A                        	SUB	EAX,26
   297 000001FB 50                              	PUSH	EAX
   298 000001FC 6A 00                           	PUSH	0
   299 000001FE 6A 08                           	PUSH	8
   300 00000200 FF 75 0C                        	PUSH	DWORD [12+EBP]
   301 00000203 FF 75 08                        	PUSH	DWORD [8+EBP]
   302 00000206 E8 FFFFFF3A                     	CALL	_boxfill8
   303 0000020B 8B 75 10                        	MOV	ESI,DWORD [16+EBP]
   304 0000020E 83 C4 38                        	ADD	ESP,56
   305 00000211 83 EE 18                        	SUB	ESI,24
   306 00000214 56                              	PUSH	ESI
   307 00000215 6A 3B                           	PUSH	59
   308 00000217 56                              	PUSH	ESI
   309 00000218 6A 03                           	PUSH	3
   310 0000021A 6A 07                           	PUSH	7
   311 0000021C FF 75 0C                        	PUSH	DWORD [12+EBP]
   312 0000021F FF 75 08                        	PUSH	DWORD [8+EBP]
   313 00000222 E8 FFFFFF1E                     	CALL	_boxfill8
   314 00000227 8B 45 10                        	MOV	EAX,DWORD [16+EBP]
   315 0000022A 83 E8 04                        	SUB	EAX,4
   316 0000022D 50                              	PUSH	EAX
   317 0000022E 89 45 F0                        	MOV	DWORD [-16+EBP],EAX
   318 00000231 6A 02                           	PUSH	2
   319 00000233 56                              	PUSH	ESI
   320 00000234 6A 02                           	PUSH	2
   321 00000236 6A 07                           	PUSH	7
   322 00000238 FF 75 0C                        	PUSH	DWORD [12+EBP]
   323 0000023B FF 75 08                        	PUSH	DWORD [8+EBP]
   324 0000023E E8 FFFFFF02                     	CALL	_boxfill8
   325 00000243 83 C4 38                        	ADD	ESP,56
   326 00000246 FF 75 F0                        	PUSH	DWORD [-16+EBP]
   327 00000249 6A 3B                           	PUSH	59
   328 0000024B FF 75 F0                        	PUSH	DWORD [-16+EBP]
   329 0000024E 6A 03                           	PUSH	3
   330 00000250 6A 0F                           	PUSH	15
   331 00000252 FF 75 0C                        	PUSH	DWORD [12+EBP]
   332 00000255 FF 75 08                        	PUSH	DWORD [8+EBP]
   333 00000258 E8 FFFFFEE8                     	CALL	_boxfill8
   334 0000025D 8B 45 10                        	MOV	EAX,DWORD [16+EBP]
   335 00000260 83 E8 05                        	SUB	EAX,5
   336 00000263 50                              	PUSH	EAX
   337 00000264 8B 45 10                        	MOV	EAX,DWORD [16+EBP]
   338 00000267 6A 3B                           	PUSH	59
   339 00000269 83 E8 17                        	SUB	EAX,23
   340 0000026C 50                              	PUSH	EAX
   341 0000026D 89 45 EC                        	MOV	DWORD [-20+EBP],EAX
   342 00000270 6A 3B                           	PUSH	59
   343 00000272 6A 0F                           	PUSH	15
   344 00000274 FF 75 0C                        	PUSH	DWORD [12+EBP]
   345 00000277 FF 75 08                        	PUSH	DWORD [8+EBP]
   346 0000027A E8 FFFFFEC6                     	CALL	_boxfill8
   347 0000027F 8B 45 10                        	MOV	EAX,DWORD [16+EBP]
   348 00000282 83 C4 38                        	ADD	ESP,56
   349 00000285 83 E8 03                        	SUB	EAX,3
   350 00000288 89 45 E8                        	MOV	DWORD [-24+EBP],EAX
   351 0000028B 50                              	PUSH	EAX
   352 0000028C 6A 3B                           	PUSH	59
   353 0000028E 50                              	PUSH	EAX
   354 0000028F 6A 02                           	PUSH	2
   355 00000291 6A 00                           	PUSH	0
   356 00000293 FF 75 0C                        	PUSH	DWORD [12+EBP]
   357 00000296 FF 75 08                        	PUSH	DWORD [8+EBP]
   358 00000299 E8 FFFFFEA7                     	CALL	_boxfill8
   359 0000029E FF 75 E8                        	PUSH	DWORD [-24+EBP]
   360 000002A1 6A 3C                           	PUSH	60
   361 000002A3 56                              	PUSH	ESI
   362 000002A4 6A 3C                           	PUSH	60
   363 000002A6 6A 00                           	PUSH	0
   364 000002A8 FF 75 0C                        	PUSH	DWORD [12+EBP]
   365 000002AB FF 75 08                        	PUSH	DWORD [8+EBP]
   366 000002AE E8 FFFFFE92                     	CALL	_boxfill8
   367 000002B3 8B 7D 0C                        	MOV	EDI,DWORD [12+EBP]
   368 000002B6 83 C4 38                        	ADD	ESP,56
   369 000002B9 8B 5D 0C                        	MOV	EBX,DWORD [12+EBP]
   370 000002BC 83 EB 04                        	SUB	EBX,4
   371 000002BF 83 EF 2F                        	SUB	EDI,47
   372 000002C2 56                              	PUSH	ESI
   373 000002C3 53                              	PUSH	EBX
   374 000002C4 56                              	PUSH	ESI
   375 000002C5 57                              	PUSH	EDI
   376 000002C6 6A 0F                           	PUSH	15
   377 000002C8 FF 75 0C                        	PUSH	DWORD [12+EBP]
   378 000002CB FF 75 08                        	PUSH	DWORD [8+EBP]
   379 000002CE E8 FFFFFE72                     	CALL	_boxfill8
   380 000002D3 FF 75 F0                        	PUSH	DWORD [-16+EBP]
   381 000002D6 57                              	PUSH	EDI
   382 000002D7 FF 75 EC                        	PUSH	DWORD [-20+EBP]
   383 000002DA 57                              	PUSH	EDI
   384 000002DB 6A 0F                           	PUSH	15
   385 000002DD FF 75 0C                        	PUSH	DWORD [12+EBP]
   386 000002E0 FF 75 08                        	PUSH	DWORD [8+EBP]
   387 000002E3 E8 FFFFFE5D                     	CALL	_boxfill8
   388 000002E8 83 C4 38                        	ADD	ESP,56
   389 000002EB FF 75 E8                        	PUSH	DWORD [-24+EBP]
   390 000002EE 53                              	PUSH	EBX
   391 000002EF FF 75 E8                        	PUSH	DWORD [-24+EBP]
   392 000002F2 57                              	PUSH	EDI
   393 000002F3 6A 07                           	PUSH	7
   394 000002F5 FF 75 0C                        	PUSH	DWORD [12+EBP]
   395 000002F8 FF 75 08                        	PUSH	DWORD [8+EBP]
   396 000002FB E8 FFFFFE45                     	CALL	_boxfill8
   397 00000300 8B 45 0C                        	MOV	EAX,DWORD [12+EBP]
   398 00000303 FF 75 E8                        	PUSH	DWORD [-24+EBP]
   399 00000306 83 E8 03                        	SUB	EAX,3
   400 00000309 50                              	PUSH	EAX
   401 0000030A 56                              	PUSH	ESI
   402 0000030B 50                              	PUSH	EAX
   403 0000030C 6A 07                           	PUSH	7
   404 0000030E FF 75 0C                        	PUSH	DWORD [12+EBP]
   405 00000311 FF 75 08                        	PUSH	DWORD [8+EBP]
   406 00000314 E8 FFFFFE2C                     	CALL	_boxfill8
   407 00000319 8D 65 F4                        	LEA	ESP,DWORD [-12+EBP]
   408 0000031C 5B                              	POP	EBX
   409 0000031D 5E                              	POP	ESI
   410 0000031E 5F                              	POP	EDI
   411 0000031F 5D                              	POP	EBP
   412 00000320 C3                              	RET
   413 00000321                                 	GLOBAL	_putfont8
   414 00000321                                 _putfont8:
   415 00000321 55                              	PUSH	EBP
   416 00000322 89 E5                           	MOV	EBP,ESP
   417 00000324 57                              	PUSH	EDI
   418 00000325 56                              	PUSH	ESI
   419 00000326 31 F6                           	XOR	ESI,ESI
   420 00000328 53                              	PUSH	EBX
   421 00000329 8B 7D 1C                        	MOV	EDI,DWORD [28+EBP]
   422 0000032C 8A 5D 18                        	MOV	BL,BYTE [24+EBP]
   423 0000032F                                 L51:
   424 0000032F 8B 45 14                        	MOV	EAX,DWORD [20+EBP]
   425 00000332 8B 55 10                        	MOV	EDX,DWORD [16+EBP]
   426 00000335 01 F0                           	ADD	EAX,ESI
   427 00000337 0F AF 45 0C                     	IMUL	EAX,DWORD [12+EBP]
   428 0000033B 03 45 08                        	ADD	EAX,DWORD [8+EBP]
   429 0000033E 8D 0C 02                        	LEA	ECX,DWORD [EDX+EAX*1]
   430 00000341 8A 14 3E                        	MOV	DL,BYTE [ESI+EDI*1]
   431 00000344 84 D2                           	TEST	DL,DL
   432 00000346 79 02                           	JNS	L43
   433 00000348 88 19                           	MOV	BYTE [ECX],BL
   434 0000034A                                 L43:
   435 0000034A 88 D0                           	MOV	AL,DL
   436 0000034C 83 E0 40                        	AND	EAX,64
   437 0000034F 84 C0                           	TEST	AL,AL
   438 00000351 74 03                           	JE	L44
   439 00000353 88 59 01                        	MOV	BYTE [1+ECX],BL
   440 00000356                                 L44:
   441 00000356 88 D0                           	MOV	AL,DL
   442 00000358 83 E0 20                        	AND	EAX,32
   443 0000035B 84 C0                           	TEST	AL,AL
   444 0000035D 74 03                           	JE	L45
   445 0000035F 88 59 02                        	MOV	BYTE [2+ECX],BL
   446 00000362                                 L45:
   447 00000362 88 D0                           	MOV	AL,DL
   448 00000364 83 E0 10                        	AND	EAX,16
   449 00000367 84 C0                           	TEST	AL,AL
   450 00000369 74 03                           	JE	L46
   451 0000036B 88 59 03                        	MOV	BYTE [3+ECX],BL
   452 0000036E                                 L46:
   453 0000036E 88 D0                           	MOV	AL,DL
   454 00000370 83 E0 08                        	AND	EAX,8
   455 00000373 84 C0                           	TEST	AL,AL
   456 00000375 74 03                           	JE	L47
   457 00000377 88 59 04                        	MOV	BYTE [4+ECX],BL
   458 0000037A                                 L47:
   459 0000037A 88 D0                           	MOV	AL,DL
   460 0000037C 83 E0 04                        	AND	EAX,4
   461 0000037F 84 C0                           	TEST	AL,AL
   462 00000381 74 03                           	JE	L48
   463 00000383 88 59 05                        	MOV	BYTE [5+ECX],BL
   464 00000386                                 L48:
   465 00000386 88 D0                           	MOV	AL,DL
   466 00000388 83 E0 02                        	AND	EAX,2
   467 0000038B 84 C0                           	TEST	AL,AL
   468 0000038D 74 03                           	JE	L49
   469 0000038F 88 59 06                        	MOV	BYTE [6+ECX],BL
   470 00000392                                 L49:
   471 00000392 83 E2 01                        	AND	EDX,1
   472 00000395 84 D2                           	TEST	DL,DL
   473 00000397 74 03                           	JE	L41
   474 00000399 88 59 07                        	MOV	BYTE [7+ECX],BL
   475 0000039C                                 L41:
   476 0000039C 46                              	INC	ESI
   477 0000039D 83 FE 0F                        	CMP	ESI,15
   478 000003A0 7E 8D                           	JLE	L51
   479 000003A2 5B                              	POP	EBX
   480 000003A3 5E                              	POP	ESI
   481 000003A4 5F                              	POP	EDI
   482 000003A5 5D                              	POP	EBP
   483 000003A6 C3                              	RET
